[21:02:22] [ServerMain/INFO]: Environment: Environment[sessionHost=https://sessionserver.mojang.com, servicesHost=https://api.minecraftservices.com, name=PROD]
[21:02:23] [ServerMain/INFO]: Loaded 1337 recipes
[21:02:23] [ServerMain/INFO]: Loaded 1448 advancements
[21:02:23] [Server thread/INFO]: Starting minecraft server version 1.21.3
[21:02:23] [Server thread/INFO]: Loading properties
[21:02:23] [Server thread/INFO]: Default game type: SURVIVAL
[21:02:23] [Server thread/INFO]: Generating keypair
[21:02:23] [Server console handler/ERROR]: Exception handling console input
java.io.IOException: The handle is invalid
	at java.base/java.io.FileInputStream.readBytes(Native Method) ~[?:?]
	at java.base/java.io.FileInputStream.read(FileInputStream.java:287) ~[?:?]
	at java.base/java.io.BufferedInputStream.read1(BufferedInputStream.java:345) ~[?:?]
	at java.base/java.io.BufferedInputStream.implRead(BufferedInputStream.java:420) ~[?:?]
	at java.base/java.io.BufferedInputStream.read(BufferedInputStream.java:399) ~[?:?]
	at java.base/sun.nio.cs.StreamDecoder.readBytes(StreamDecoder.java:350) ~[?:?]
	at java.base/sun.nio.cs.StreamDecoder.implRead(StreamDecoder.java:393) ~[?:?]
	at java.base/sun.nio.cs.StreamDecoder.lockedRead(StreamDecoder.java:217) ~[?:?]
	at java.base/sun.nio.cs.StreamDecoder.read(StreamDecoder.java:171) ~[?:?]
	at java.base/java.io.InputStreamReader.read(InputStreamReader.java:186) ~[?:?]
	at java.base/java.io.BufferedReader.fill(BufferedReader.java:160) ~[?:?]
	at java.base/java.io.BufferedReader.implReadLine(BufferedReader.java:370) ~[?:?]
	at java.base/java.io.BufferedReader.readLine(BufferedReader.java:347) ~[?:?]
	at java.base/java.io.BufferedReader.readLine(BufferedReader.java:436) ~[?:?]
	at aqy$1.run(SourceFile:102) [server-1.21.3.jar:?]
[21:02:23] [Server thread/INFO]: Starting Minecraft server on *:25565
[21:02:23] [Server thread/INFO]: Using default channel type
[21:02:23] [Server thread/INFO]: Preparing level "world"
[21:02:24] [Server thread/INFO]: Preparing start region for dimension minecraft:overworld
[21:02:24] [Worker-Main-11/INFO]: Preparing spawn area: 0%
[21:02:24] [Worker-Main-11/INFO]: Preparing spawn area: 0%
[21:02:24] [Server thread/INFO]: Time elapsed: 599 ms
[21:02:24] [Server thread/INFO]: Done (0.761s)! For help, type "help"
[21:03:04] [User Authenticator #1/INFO]: UUID of player Ack3rman_ is 282c8bf0-a614-4292-9f57-d4a4361709be
[21:03:04] [Server thread/INFO]: Ack3rman_[/127.0.0.1:60560] logged in with entity id 51 at (-45.30000001192093, 58.0, -61.09659048671074)
[21:03:04] [Server thread/INFO]: Ack3rman_ joined the game
[21:05:07] [Server thread/INFO]: Ack3rman_ lost connection: Disconnected
[21:05:07] [Server thread/INFO]: Ack3rman_ left the game
[21:05:41] [Server thread/INFO]: Stopping the server
[21:05:41] [Server thread/INFO]: Stopping server
[21:05:41] [Server thread/INFO]: Saving players
[21:05:41] [Server thread/INFO]: Saving worlds
[21:05:41] [Server thread/INFO]: Saving chunks for level 'ServerLevel[world]'/minecraft:overworld
[21:05:41] [Server thread/INFO]: Saving chunks for level 'ServerLevel[world]'/minecraft:the_end
[21:05:41] [Server thread/INFO]: Saving chunks for level 'ServerLevel[world]'/minecraft:the_nether
[21:05:41] [Server thread/INFO]: ThreadedAnvilChunkStorage (world): All chunks are saved
[21:05:41] [Server thread/INFO]: ThreadedAnvilChunkStorage (DIM1): All chunks are saved
[21:05:41] [Server thread/INFO]: ThreadedAnvilChunkStorage (DIM-1): All chunks are saved
[21:05:41] [Server thread/INFO]: ThreadedAnvilChunkStorage: All dimensions are saved
